<?xml version="1.0" encoding="UTF-8"?>
<!-- Generated by org.testng.reporters.JUnitReportReporter -->
<testsuite hostname="DESKTOP-87QL8EO" failures="0" tests="1" name="com.actitime.testscripts.CustomerModule" time="0.016" errors="0" timestamp="2024-08-07T11:51:53 IST" skipped="0">
  <testcase classname="com.actitime.testscripts.CustomerModule" name="createCustomer" time="0.016">
    <system-out>
      <![CDATA[createCustomer]]>
    </system-out>
  </testcase> <!-- createCustomer -->
  <system-out>
    <![CDATA[createCustomer]]>
  </system-out>
</testsuite> <!-- com.actitime.testscripts.CustomerModule -->
